#
# There is insufficient memory for the Java Runtime Environment to continue.
# Native memory allocation (malloc) failed to allocate 32744 bytes for ChunkPool::allocate
# Possible reasons:
#   The system is out of physical RAM or swap space
#   In 32 bit mode, the process size limit was hit
# Possible solutions:
#   Reduce memory load on the system
#   Increase physical memory or swap space
#   Check if swap backing store is full
#   Use 64 bit Java on a 64 bit OS
#   Decrease Java heap size (-Xmx/-Xms)
#   Decrease number of Java threads
#   Decrease Java thread stack sizes (-Xss)
#   Set larger code cache with -XX:ReservedCodeCacheSize=
# This output file may be truncated or incomplete.
#
#  Out of Memory Error (allocation.cpp:273), pid=20936, tid=0x0000000000004a74
#
# JRE version: Java(TM) SE Runtime Environment (8.0_131-b11) (build 1.8.0_131-b11)
# Java VM: Java HotSpot(TM) 64-Bit Server VM (25.131-b11 mixed mode windows-amd64 compressed oops)
# Failed to write core dump. Minidumps are not enabled by default on client versions of Windows
#

---------------  T H R E A D  ---------------

Current thread (0x000000001774d000):  JavaThread "C2 CompilerThread0" daemon [_thread_in_native, id=19060, stack(0x0000000018e90000,0x0000000018f90000)]

Stack: [0x0000000018e90000,0x0000000018f90000]
[error occurred during error reporting (printing stack bounds), id 0xc0000005]

Native frames: (J=compiled Java code, j=interpreted, Vv=VM code, C=native code)


Current CompileTask:
C2:   1080  536       4       com.sun.speech.freetts.lexicon.LetterToSoundImpl$DecisionState::loadBinary (34 bytes)


---------------  P R O C E S S  ---------------

Java Threads: ( => current thread )
  0x0000000019a5c800 JavaThread "Thread-4" daemon [_thread_blocked, id=21196, stack(0x000000001b7f0000,0x000000001b8f0000)]
  0x0000000019a4a800 JavaThread "TimerQueue" daemon [_thread_blocked, id=19460, stack(0x000000001b170000,0x000000001b270000)]
  0x0000000019a1a000 JavaThread "Image Fetcher 0" daemon [_thread_blocked, id=21268, stack(0x000000001aa30000,0x000000001ab30000)]
  0x000000001999b800 JavaThread "AWT-EventQueue-0" [_thread_in_Java, id=17164, stack(0x000000001a520000,0x000000001a620000)]
  0x0000000019998800 JavaThread "AWT-Windows" daemon [_thread_in_native, id=14716, stack(0x000000001a2d0000,0x000000001a3d0000)]
  0x0000000019995800 JavaThread "AWT-Shutdown" [_thread_blocked, id=19260, stack(0x000000001a1d0000,0x000000001a2d0000)]
  0x0000000019993000 JavaThread "Java2D Disposer" daemon [_thread_blocked, id=19180, stack(0x000000001a0d0000,0x000000001a1d0000)]
  0x00000000177ac000 JavaThread "Service Thread" daemon [_thread_blocked, id=20836, stack(0x0000000019590000,0x0000000019690000)]
  0x0000000017761800 JavaThread "C1 CompilerThread2" daemon [_thread_in_native, id=1988, stack(0x0000000019090000,0x0000000019190000)]
  0x0000000017756800 JavaThread "C2 CompilerThread1" daemon [_thread_in_native, id=18756, stack(0x0000000018f90000,0x0000000019090000)]
=>0x000000001774d000 JavaThread "C2 CompilerThread0" daemon [_thread_in_native, id=19060, stack(0x0000000018e90000,0x0000000018f90000)]
  0x000000001774b800 JavaThread "Attach Listener" daemon [_thread_blocked, id=19652, stack(0x0000000018d90000,0x0000000018e90000)]
  0x000000001774a000 JavaThread "Signal Dispatcher" daemon [_thread_blocked, id=17148, stack(0x0000000018c90000,0x0000000018d90000)]
  0x000000001773a800 JavaThread "Finalizer" daemon [_thread_blocked, id=21352, stack(0x00000000189a0000,0x0000000018aa0000)]
  0x0000000005140000 JavaThread "Reference Handler" daemon [_thread_blocked, id=20116, stack(0x00000000188a0000,0x00000000189a0000)]
  0x0000000005050800 JavaThread "main" [_thread_blocked, id=21364, stack(0x0000000004f40000,0x0000000005040000)]

Other Threads:
  0x0000000017717800 VMThread [stack: 0x00000000187a0000,0x00000000188a0000] [id=4744]
  0x00000000191d5000 WatcherThread [stack: 0x0000000019690000,0x0000000019790000] [id=20132]

VM state:not at safepoint (normal execution)

VM Mutex/Monitor currently owned by a thread: None

Heap:
 PSYoungGen      total 18944K, used 10997K [0x00000000eb200000, 0x00000000ed700000, 0x0000000100000000)
  eden space 16384K, 51% used [0x00000000eb200000,0x00000000eba451b0,0x00000000ec200000)
  from space 2560K, 98% used [0x00000000ec480000,0x00000000ec6f8420,0x00000000ec700000)
  to   space 2560K, 0% used [0x00000000ec200000,0x00000000ec200000,0x00000000ec480000)
 ParOldGen       total 44032K, used 7712K [0x00000000c1600000, 0x00000000c4100000, 0x00000000eb200000)
  object space 44032K, 17% used [0x00000000c1600000,0x00000000c1d88080,0x00000000c4100000)
 Metaspace       used 10620K, capacity 10822K, committed 10880K, reserved 1058816K
  class space    used 1319K, capacity 1389K, committed 1408K, reserved 1048576K

Card table byte_map: [0x0000000014510000,0x0000000014710000] byte_map_base: 0x0000000013f05000

Marking Bits: (ParMarkBitMap*) 0x000000007360c720
 Begin Bits: [0x0000000014c60000, 0x0000000015c08000)
 End Bits:   [0x0000000015c08000, 0x0000000016bb0000)

Polling page: 0x0000000000ff0000

CodeCache: size=245760Kb used=2535Kb max_used=2546Kb free=243224Kb
 bounds [0x0000000005150000, 0x00000000053d0000, 0x0000000014150000]
 total_blobs=1081 nmethods=609 adapters=385
 compilation: enabled

Compilation events (10 events):
Event: 0.968 Thread 0x0000000017761800 nmethod 605 0x00000000053c4210 code [0x00000000053c4360, 0x00000000053c4470]
Event: 0.973 Thread 0x0000000017761800  607       3       com.sun.speech.freetts.diphone.Diphone::<init> (93 bytes)
Event: 0.973 Thread 0x0000000017761800 nmethod 607 0x00000000053c3a50 code [0x00000000053c3be0, 0x00000000053c3fb0]
Event: 0.975 Thread 0x0000000017756800 nmethod 595 0x00000000053c9a90 code [0x00000000053c9c00, 0x00000000053ca4d8]
Event: 0.975 Thread 0x0000000017756800  606       4       com.sun.speech.freetts.relp.Sample::loadBinary (78 bytes)
Event: 0.977 Thread 0x0000000017761800  608       3       com.sun.speech.freetts.diphone.DiphoneUnitDatabase::add (122 bytes)
Event: 0.979 Thread 0x0000000017761800 nmethod 608 0x00000000053c6d10 code [0x00000000053c7000, 0x00000000053c9048]
Event: 0.988 Thread 0x0000000017756800 nmethod 606 0x00000000053cdd90 code [0x00000000053cdf20, 0x00000000053ce850]
Event: 0.988 Thread 0x0000000017756800  597       4       java.util.LinkedHashMap$Entry::<init> (10 bytes)
Event: 0.989 Thread 0x0000000017756800 nmethod 597 0x00000000053bae90 code [0x00000000053bafc0, 0x00000000053bb058]

GC Heap History (6 events):
Event: 0.201 GC heap before
{Heap before GC invocations=1 (full 0):
 PSYoungGen      total 18944K, used 1638K [0x00000000eb200000, 0x00000000ec700000, 0x0000000100000000)
  eden space 16384K, 10% used [0x00000000eb200000,0x00000000eb399a80,0x00000000ec200000)
  from space 2560K, 0% used [0x00000000ec480000,0x00000000ec480000,0x00000000ec700000)
  to   space 2560K, 0% used [0x00000000ec200000,0x00000000ec200000,0x00000000ec480000)
 ParOldGen       total 44032K, used 0K [0x00000000c1600000, 0x00000000c4100000, 0x00000000eb200000)
  object space 44032K, 0% used [0x00000000c1600000,0x00000000c1600000,0x00000000c4100000)
 Metaspace       used 3274K, capacity 4500K, committed 4864K, reserved 1056768K
  class space    used 369K, capacity 388K, committed 512K, reserved 1048576K
Event: 0.202 GC heap after
Heap after GC invocations=1 (full 0):
 PSYoungGen      total 18944K, used 528K [0x00000000eb200000, 0x00000000ec700000, 0x0000000100000000)
  eden space 16384K, 0% used [0x00000000eb200000,0x00000000eb200000,0x00000000ec200000)
  from space 2560K, 20% used [0x00000000ec200000,0x00000000ec284010,0x00000000ec480000)
  to   space 2560K, 0% used [0x00000000ec480000,0x00000000ec480000,0x00000000ec700000)
 ParOldGen       total 44032K, used 8K [0x00000000c1600000, 0x00000000c4100000, 0x00000000eb200000)
  object space 44032K, 0% used [0x00000000c1600000,0x00000000c1602000,0x00000000c4100000)
 Metaspace       used 3274K, capacity 4500K, committed 4864K, reserved 1056768K
  class space    used 369K, capacity 388K, committed 512K, reserved 1048576K
}
Event: 0.202 GC heap before
{Heap before GC invocations=2 (full 1):
 PSYoungGen      total 18944K, used 528K [0x00000000eb200000, 0x00000000ec700000, 0x0000000100000000)
  eden space 16384K, 0% used [0x00000000eb200000,0x00000000eb200000,0x00000000ec200000)
  from space 2560K, 20% used [0x00000000ec200000,0x00000000ec284010,0x00000000ec480000)
  to   space 2560K, 0% used [0x00000000ec480000,0x00000000ec480000,0x00000000ec700000)
 ParOldGen       total 44032K, used 8K [0x00000000c1600000, 0x00000000c4100000, 0x00000000eb200000)
  object space 44032K, 0% used [0x00000000c1600000,0x00000000c1602000,0x00000000c4100000)
 Metaspace       used 3274K, capacity 4500K, committed 4864K, reserved 1056768K
  class space    used 369K, capacity 388K, committed 512K, reserved 1048576K
Event: 0.224 GC heap after
Heap after GC invocations=2 (full 1):
 PSYoungGen      total 18944K, used 0K [0x00000000eb200000, 0x00000000ec700000, 0x0000000100000000)
  eden space 16384K, 0% used [0x00000000eb200000,0x00000000eb200000,0x00000000ec200000)
  from space 2560K, 0% used [0x00000000ec200000,0x00000000ec200000,0x00000000ec480000)
  to   space 2560K, 0% used [0x00000000ec480000,0x00000000ec480000,0x00000000ec700000)
 ParOldGen       total 44032K, used 454K [0x00000000c1600000, 0x00000000c4100000, 0x00000000eb200000)
  object space 44032K, 1% used [0x00000000c1600000,0x00000000c1671b90,0x00000000c4100000)
 Metaspace       used 3274K, capacity 4500K, committed 4864K, reserved 1056768K
  class space    used 369K, capacity 388K, committed 512K, reserved 1048576K
}
Event: 0.763 GC heap before
{Heap before GC invocations=3 (full 1):
 PSYoungGen      total 18944K, used 16384K [0x00000000eb200000, 0x00000000ec700000, 0x0000000100000000)
  eden space 16384K, 100% used [0x00000000eb200000,0x00000000ec200000,0x00000000ec200000)
  from space 2560K, 0% used [0x00000000ec200000,0x00000000ec200000,0x00000000ec480000)
  to   space 2560K, 0% used [0x00000000ec480000,0x00000000ec480000,0x00000000ec700000)
 ParOldGen       total 44032K, used 454K [0x00000000c1600000, 0x00000000c4100000, 0x00000000eb200000)
  object space 44032K, 1% used [0x00000000c1600000,0x00000000c1671b90,0x00000000c4100000)
 Metaspace       used 10297K, capacity 10470K, committed 10624K, reserved 1058816K
  class space    used 1283K, capacity 1357K, committed 1408K, reserved 1048576K
Event: 0.778 GC heap after
Heap after GC invocations=3 (full 1):
 PSYoungGen      total 18944K, used 2529K [0x00000000eb200000, 0x00000000ed700000, 0x0000000100000000)
  eden space 16384K, 0% used [0x00000000eb200000,0x00000000eb200000,0x00000000ec200000)
  from space 2560K, 98% used [0x00000000ec480000,0x00000000ec6f8420,0x00000000ec700000)
  to   space 2560K, 0% used [0x00000000ec200000,0x00000000ec200000,0x00000000ec480000)
 ParOldGen       total 44032K, used 7712K [0x00000000c1600000, 0x00000000c4100000, 0x00000000eb200000)
  object space 44032K, 17% used [0x00000000c1600000,0x00000000c1d88080,0x00000000c4100000)
 Metaspace       used 10297K, capacity 10470K, committed 10624K, reserved 1058816K
  class space    used 1283K, capacity 1357K, committed 1408K, reserved 1048576K
}

Deoptimization events (9 events):
Event: 0.672 Thread 0x000000001999b800 Uncommon trap: reason=class_check action=maybe_recompile pc=0x0000000005365e10 method=java.util.HashMap.putVal(ILjava/lang/Object;Ljava/lang/Object;ZZ)Ljava/lang/Object; @ 203
Event: 0.795 Thread 0x000000001999b800 Uncommon trap: reason=unstable_if action=reinterpret pc=0x000000000537b684 method=com.sun.speech.freetts.lexicon.LexiconImpl.loadBinaryLexicon(Ljava/io/InputStream;I)Ljava/util/Map; @ 129
Event: 0.796 Thread 0x000000001999b800 Uncommon trap: reason=unstable_if action=reinterpret pc=0x0000000005363b74 method=java.util.ArrayList.indexOf(Ljava/lang/Object;)I @ 41
Event: 0.796 Thread 0x000000001999b800 Uncommon trap: reason=unstable_if action=reinterpret pc=0x0000000005355198 method=java.util.LinkedHashMap.linkNodeLast(Ljava/util/LinkedHashMap$Entry;)V @ 11
Event: 0.800 Thread 0x000000001999b800 Uncommon trap: reason=class_check action=maybe_recompile pc=0x00000000053611a4 method=java.io.DataInputStream.readChar()C @ 4
Event: 0.800 Thread 0x000000001999b800 Uncommon trap: reason=class_check action=maybe_recompile pc=0x00000000053611a4 method=java.io.DataInputStream.readChar()C @ 4
Event: 0.800 Thread 0x000000001999b800 Uncommon trap: reason=class_check action=maybe_recompile pc=0x00000000053611a4 method=java.io.DataInputStream.readChar()C @ 4
Event: 0.800 Thread 0x000000001999b800 Uncommon trap: reason=class_check action=maybe_recompile pc=0x00000000053611a4 method=java.io.DataInputStream.readChar()C @ 4
Event: 0.909 Thread 0x000000001999b800 Uncommon trap: reason=unstable_if action=reinterpret pc=0x000000000538b174 method=java.util.zip.InflaterInputStream.read([BII)I @ 69

Internal exceptions (10 events):
Event: 0.233 Thread 0x0000000005050800 Exception <a 'java/security/PrivilegedActionException'> (0x00000000eb215d68) thrown at [C:\re\workspace\8-2-build-windows-amd64-cygwin\jdk8u131\8869\hotspot\src\share\vm\prims\jvm.cpp, line 1390]
Event: 0.234 Thread 0x0000000005050800 Exception <a 'java/security/PrivilegedActionException'> (0x00000000eb2199d8) thrown at [C:\re\workspace\8-2-build-windows-amd64-cygwin\jdk8u131\8869\hotspot\src\share\vm\prims\jvm.cpp, line 1390]
Event: 0.234 Thread 0x0000000005050800 Exception <a 'java/security/PrivilegedActionException'> (0x00000000eb219be8) thrown at [C:\re\workspace\8-2-build-windows-amd64-cygwin\jdk8u131\8869\hotspot\src\share\vm\prims\jvm.cpp, line 1390]
Event: 0.238 Thread 0x0000000005050800 Exception <a 'java/io/FileNotFoundException'> (0x00000000eb21e160) thrown at [C:\re\workspace\8-2-build-windows-amd64-cygwin\jdk8u131\8869\hotspot\src\share\vm\prims\jni.cpp, line 709]
Event: 0.280 Thread 0x0000000005050800 Exception <a 'java/lang/NoSuchFieldError': method resolution failed> (0x00000000eb33d998) thrown at [C:\re\workspace\8-2-build-windows-amd64-cygwin\jdk8u131\8869\hotspot\src\share\vm\prims\methodHandles.cpp, line 1146]
Event: 0.282 Thread 0x0000000005050800 Exception <a 'java/lang/NoSuchFieldError': method resolution failed> (0x00000000eb34ad90) thrown at [C:\re\workspace\8-2-build-windows-amd64-cygwin\jdk8u131\8869\hotspot\src\share\vm\prims\methodHandles.cpp, line 1146]
Event: 0.348 Thread 0x000000001999b800 Exception <a 'java/io/FileNotFoundException'> (0x00000000eb424040) thrown at [C:\re\workspace\8-2-build-windows-amd64-cygwin\jdk8u131\8869\hotspot\src\share\vm\prims\jni.cpp, line 709]
Event: 0.550 Thread 0x000000001999b800 Exception <a 'java/io/FileNotFoundException'> (0x00000000eb61aaa8) thrown at [C:\re\workspace\8-2-build-windows-amd64-cygwin\jdk8u131\8869\hotspot\src\share\vm\prims\jni.cpp, line 709]
Event: 0.551 Thread 0x000000001999b800 Exception <a 'java/io/FileNotFoundException'> (0x00000000eb61b3f0) thrown at [C:\re\workspace\8-2-build-windows-amd64-cygwin\jdk8u131\8869\hotspot\src\share\vm\prims\jni.cpp, line 709]
Event: 0.796 Thread 0x000000001999b800 Implicit null exception at 0x0000000005355140 to 0x000000000535517d

Events (10 events):
Event: 0.986 Thread 0x000000001999b800 DEOPT PACKING pc=0x00000000053b8353 sp=0x000000001a61dac0
Event: 0.986 Thread 0x000000001999b800 DEOPT UNPACKING pc=0x000000000519787f sp=0x000000001a61d820 mode 0
Event: 0.986 Thread 0x000000001999b800 DEOPT PACKING pc=0x00000000053b8353 sp=0x000000001a61dac0
Event: 0.986 Thread 0x000000001999b800 DEOPT UNPACKING pc=0x000000000519787f sp=0x000000001a61d820 mode 0
Event: 0.987 Thread 0x000000001999b800 DEOPT PACKING pc=0x00000000053b8353 sp=0x000000001a61dac0
Event: 0.987 Thread 0x000000001999b800 DEOPT UNPACKING pc=0x000000000519787f sp=0x000000001a61d820 mode 0
Event: 0.987 Thread 0x000000001999b800 DEOPT PACKING pc=0x00000000053b8353 sp=0x000000001a61dac0
Event: 0.987 Thread 0x000000001999b800 DEOPT UNPACKING pc=0x000000000519787f sp=0x000000001a61d820 mode 0
Event: 0.988 Thread 0x000000001999b800 DEOPT PACKING pc=0x00000000053b8353 sp=0x000000001a61dac0
Event: 0.988 Thread 0x000000001999b800 DEOPT UNPACKING pc=0x000000000519787f sp=0x000000001a61d820 mode 0


Dynamic libraries:
0x00007ff6b24d0000 - 0x00007ff6b2507000 	C:\Program Files\Java\jre1.8.0_131\bin\javaw.exe
0x00007ffbe3220000 - 0x00007ffbe3400000 	C:\WINDOWS\SYSTEM32\ntdll.dll
0x00007ffbe0700000 - 0x00007ffbe07ae000 	C:\WINDOWS\System32\KERNEL32.DLL
0x00007ffbdf940000 - 0x00007ffbdfba6000 	C:\WINDOWS\System32\KERNELBASE.dll
0x00007ffbe10c0000 - 0x00007ffbe1161000 	C:\WINDOWS\System32\ADVAPI32.dll
0x00007ffbe0a60000 - 0x00007ffbe0afd000 	C:\WINDOWS\System32\msvcrt.dll
0x00007ffbe0990000 - 0x00007ffbe09eb000 	C:\WINDOWS\System32\sechost.dll
0x00007ffbe0c50000 - 0x00007ffbe0d6f000 	C:\WINDOWS\System32\RPCRT4.dll
0x00007ffbe2a20000 - 0x00007ffbe2bae000 	C:\WINDOWS\System32\USER32.dll
0x00007ffbdfc10000 - 0x00007ffbdfc30000 	C:\WINDOWS\System32\win32u.dll
0x00007ffbe1060000 - 0x00007ffbe1088000 	C:\WINDOWS\System32\GDI32.dll
0x00007ffbdfe00000 - 0x00007ffbdff91000 	C:\WINDOWS\System32\gdi32full.dll
0x00007ffbdf620000 - 0x00007ffbdf6bb000 	C:\WINDOWS\System32\msvcp_win.dll
0x00007ffbdf6c0000 - 0x00007ffbdf7b6000 	C:\WINDOWS\System32\ucrtbase.dll
0x00007ffbd3060000 - 0x00007ffbd32c9000 	C:\WINDOWS\WinSxS\amd64_microsoft.windows.common-controls_6595b64144ccf1df_6.0.16299.15_none_cc92fb402215d91d\COMCTL32.dll
0x00007ffbe1170000 - 0x00007ffbe1478000 	C:\WINDOWS\System32\combase.dll
0x00007ffbdf7c0000 - 0x00007ffbdf832000 	C:\WINDOWS\System32\bcryptPrimitives.dll
0x00007ffbe1090000 - 0x00007ffbe10bd000 	C:\WINDOWS\System32\IMM32.DLL
0x00000000745d0000 - 0x00000000746a2000 	C:\Program Files\Java\jre1.8.0_131\bin\msvcr100.dll
0x0000000072df0000 - 0x000000007368c000 	C:\Program Files\Java\jre1.8.0_131\bin\server\jvm.dll
0x00007ffbe06f0000 - 0x00007ffbe06f8000 	C:\WINDOWS\System32\PSAPI.DLL
0x00007ffbd4eb0000 - 0x00007ffbd4eb9000 	C:\WINDOWS\SYSTEM32\WSOCK32.dll
0x00007ffbe09f0000 - 0x00007ffbe0a5c000 	C:\WINDOWS\System32\WS2_32.dll
0x00007ffbdc610000 - 0x00007ffbdc633000 	C:\WINDOWS\SYSTEM32\WINMM.dll
0x00007ffbd3370000 - 0x00007ffbd337a000 	C:\WINDOWS\SYSTEM32\VERSION.dll
0x00007ffbdc5a0000 - 0x00007ffbdc5ca000 	C:\WINDOWS\SYSTEM32\WINMMBASE.dll
0x00007ffbdf8f0000 - 0x00007ffbdf93a000 	C:\WINDOWS\System32\cfgmgr32.dll
0x0000000072d00000 - 0x0000000072d0f000 	C:\Program Files\Java\jre1.8.0_131\bin\verify.dll
0x0000000072cd0000 - 0x0000000072cf9000 	C:\Program Files\Java\jre1.8.0_131\bin\java.dll
0x0000000072cb0000 - 0x0000000072cc6000 	C:\Program Files\Java\jre1.8.0_131\bin\zip.dll
0x00007ffbe1480000 - 0x00007ffbe28b7000 	C:\WINDOWS\System32\SHELL32.dll
0x00007ffbe0d70000 - 0x00007ffbe0e16000 	C:\WINDOWS\System32\shcore.dll
0x00007ffbdffa0000 - 0x00007ffbe06e7000 	C:\WINDOWS\System32\windows.storage.dll
0x00007ffbe3190000 - 0x00007ffbe31e1000 	C:\WINDOWS\System32\shlwapi.dll
0x00007ffbdf570000 - 0x00007ffbdf581000 	C:\WINDOWS\System32\kernel.appcore.dll
0x00007ffbdf5d0000 - 0x00007ffbdf61c000 	C:\WINDOWS\System32\powrprof.dll
0x00007ffbdf590000 - 0x00007ffbdf5ab000 	C:\WINDOWS\System32\profapi.dll
0x0000000074430000 - 0x00000000745c8000 	C:\Program Files\Java\jre1.8.0_131\bin\awt.dll
0x00007ffbe07b0000 - 0x00007ffbe0875000 	C:\WINDOWS\System32\OLEAUT32.dll
0x00007ffbddae0000 - 0x00007ffbddb67000 	C:\WINDOWS\SYSTEM32\apphelp.dll
0x00007ffbddd30000 - 0x00007ffbdddc5000 	C:\WINDOWS\system32\uxtheme.dll
0x00007ffbe2bb0000 - 0x00007ffbe2d17000 	C:\WINDOWS\System32\MSCTF.dll
0x00007ffbdde00000 - 0x00007ffbdde2a000 	C:\WINDOWS\system32\dwmapi.dll
0x00007ffbe0b00000 - 0x00007ffbe0c49000 	C:\WINDOWS\System32\ole32.dll
0x00007ffbc28f0000 - 0x00007ffbc2a0e000 	C:\WINDOWS\system32\opengl32.dll
0x00007ffbc28c0000 - 0x00007ffbc28ec000 	C:\WINDOWS\SYSTEM32\GLU32.dll
0x00000000743e0000 - 0x0000000074427000 	C:\Program Files\Java\jre1.8.0_131\bin\fontmanager.dll
0x0000000074350000 - 0x0000000074381000 	C:\Program Files\Java\jre1.8.0_131\bin\jpeg.dll
0x00007ffbd6be0000 - 0x00007ffbd6c78000 	C:\WINDOWS\System32\TextInputFramework.dll
0x00007ffbdd4d0000 - 0x00007ffbdd5ad000 	C:\WINDOWS\System32\CoreMessaging.dll
0x00007ffbdbb90000 - 0x00007ffbdbe7e000 	C:\WINDOWS\System32\CoreUIComponents.dll
0x00007ffbde6b0000 - 0x00007ffbde6e1000 	C:\WINDOWS\SYSTEM32\ntmarta.dll
0x00007ffbdba50000 - 0x00007ffbdbb86000 	C:\WINDOWS\SYSTEM32\wintypes.dll
0x0000000072c90000 - 0x0000000072caa000 	C:\Program Files\Java\jre1.8.0_131\bin\net.dll
0x00007ffbdee00000 - 0x00007ffbdee66000 	C:\WINDOWS\system32\mswsock.dll
0x0000000072c70000 - 0x0000000072c81000 	C:\Program Files\Java\jre1.8.0_131\bin\nio.dll
0x0000000074390000 - 0x00000000743d2000 	C:\Program Files\Java\jre1.8.0_131\bin\t2k.dll
0x00007ffbe0e20000 - 0x00007ffbe0ebe000 	C:\WINDOWS\System32\clbcatq.dll
0x00007ffbdc020000 - 0x00007ffbdc1cb000 	C:\WINDOWS\SYSTEM32\WindowsCodecs.dll
0x00007ffbc3110000 - 0x00007ffbc315f000 	C:\WINDOWS\system32\dataexchange.dll
0x00007ffbdcdb0000 - 0x00007ffbdd092000 	C:\WINDOWS\system32\d3d11.dll
0x00007ffbdd5b0000 - 0x00007ffbdd6f2000 	C:\WINDOWS\system32\dcomp.dll
0x00007ffbde3e0000 - 0x00007ffbde48f000 	C:\WINDOWS\system32\dxgi.dll
0x00007ffbddf40000 - 0x00007ffbde0bb000 	C:\WINDOWS\system32\twinapi.appcore.dll
0x00007ffbddef0000 - 0x00007ffbddf10000 	C:\WINDOWS\system32\RMCLIENT.dll
0x00007ffbdf0d0000 - 0x00007ffbdf0f5000 	C:\WINDOWS\system32\bcrypt.dll

VM Arguments:
jvm_args: -Dfile.encoding=Cp1252 
java_command: SPPECHAPP
java_class_path (initial): C:\Users\abhimanyu\eclipse-workspace\HACKATHON_SPEECH\bin
Launcher Type: SUN_STANDARD

Environment Variables:
PATH=C:/Program Files/Java/jre1.8.0_131/bin/server;C:/Program Files/Java/jre1.8.0_131/bin;C:/Program Files/Java/jre1.8.0_131/lib/amd64;C:\ProgramData\Oracle\Java\javapath;C:\Program Files (x86)\Intel\iCLS Client\;C:\Program Files\Intel\iCLS Client\;C:\WINDOWS\system32;C:\WINDOWS;C:\WINDOWS\System32\Wbem;C:\WINDOWS\System32\WindowsPowerShell\v1.0\;C:\Program Files (x86)\Intel\Intel(R) Management Engine Components\DAL;C:\Program Files\Intel\Intel(R) Management Engine Components\DAL;C:\Program Files (x86)\Intel\Intel(R) Management Engine Components\IPT;C:\Program Files\Intel\Intel(R) Management Engine Components\IPT;C:\Program Files\Intel\WiFi\bin\;C:\Program Files\Common Files\Intel\WirelessCommon\;C:\Program Files (x86)\Microchip\MPLAB C32 Suite\bin;c:\Xilinx\bin\nt;C:\Users\abhimanyu\AppData\Local\Microsoft\WindowsApps;;C:\eclipse-java-oxygen-R-win32-x86_64\eclipse;
USERNAME=abhimanyu
OS=Windows_NT
PROCESSOR_IDENTIFIER=Intel64 Family 6 Model 61 Stepping 4, GenuineIntel



---------------  S Y S T E M  ---------------

OS: Windows 10.0 , 64 bit Build 16299 (10.0.16299.15)

CPU:total 4 (initial active 4) (2 cores per cpu, 2 threads per core) family 6 model 61 stepping 4, cmov, cx8, fxsr, mmx, sse, sse2, sse3, ssse3, sse4.1, sse4.2, popcnt, avx, avx2, aes, clmul, erms, 3dnowpref, lzcnt, ht, tsc, tscinvbit, bmi1, bmi2, adx

Memory: 4k page, physical 4102136k(539672k free), swap 16685048k(2044k free)

vm_info: Java HotSpot(TM) 64-Bit Server VM (25.131-b11) for windows-amd64 JRE (1.8.0_131-b11), built on Mar 15 2017 01:23:53 by "java_re" with MS VC++ 10.0 (VS2010)

time: Mon Mar 19 22:45:23 2018
elapsed time: 1 seconds (0d 0h 0m 1s)

